[Fri Nov 13 23:05:12.109579 2020] [mpm_winnt:notice] [pid 3996:tid 624] AH00455: Apache/2.4.46 (Win64) PHP/7.2.34 configured -- resuming normal operations
[Fri Nov 13 23:05:12.109579 2020] [mpm_winnt:notice] [pid 3996:tid 624] AH00456: Apache Lounge VS16 Server built: Oct  2 2020 11:45:39
[Fri Nov 13 23:05:12.109579 2020] [core:notice] [pid 3996:tid 624] AH00094: Command line: 'C:\\Apache24\\bin\\httpd.exe -d C:/Apache24'
[Fri Nov 13 23:05:13.064034 2020] [mpm_winnt:notice] [pid 3996:tid 624] AH00418: Parent: Created child process 5472
[Fri Nov 13 23:05:15.372717 2020] [mpm_winnt:notice] [pid 5472:tid 596] AH00354: Child: Starting 64 worker threads.
[Fri Nov 13 23:05:16.717949 2020] [mpm_winnt:notice] [pid 3996:tid 624] AH00428: Parent: child process 5472 exited with status 1 -- Restarting.
[Fri Nov 13 23:05:16.824890 2020] [mpm_winnt:notice] [pid 3996:tid 624] AH00455: Apache/2.4.46 (Win64) PHP/7.2.34 configured -- resuming normal operations
[Fri Nov 13 23:05:16.824890 2020] [mpm_winnt:notice] [pid 3996:tid 624] AH00456: Apache Lounge VS16 Server built: Oct  2 2020 11:45:39
[Fri Nov 13 23:05:16.824890 2020] [core:notice] [pid 3996:tid 624] AH00094: Command line: 'C:\\Apache24\\bin\\httpd.exe -d C:/Apache24'
[Fri Nov 13 23:05:16.828887 2020] [mpm_winnt:notice] [pid 3996:tid 624] AH00418: Parent: Created child process 13576
[Fri Nov 13 23:05:17.499503 2020] [mpm_winnt:notice] [pid 13576:tid 468] AH00354: Child: Starting 64 worker threads.
[Fri Nov 13 23:05:20.276288 2020] [mpm_winnt:crit] [pid 13576:tid 468] AH02538: Child: Parent process exited abruptly. Child process is ending
[Fri Nov 13 23:05:20.276288 2020] [mpm_winnt:warn] [pid 13576:tid 1116] (OS 995)The I/O operation has been aborted because of either a thread exit or an application request.  : AH00341: winnt_accept: Asynchronous AcceptEx failed.
[Fri Nov 13 23:05:20.276288 2020] [mpm_winnt:warn] [pid 13576:tid 1112] (OS 995)The I/O operation has been aborted because of either a thread exit or an application request.  : AH00341: winnt_accept: Asynchronous AcceptEx failed.
[Fri Nov 13 23:05:22.288140 2020] [mpm_winnt:notice] [pid 13576:tid 468] AH00364: Child: All worker threads have exited.
[Fri Nov 13 23:23:32.429577 2020] [core:warn] [pid 8912:tid 580] AH00098: pid file C:/Apache24/logs/httpd.pid overwritten -- Unclean shutdown of previous Apache run?
[Fri Nov 13 23:23:33.325497 2020] [mpm_winnt:notice] [pid 8912:tid 580] AH00455: Apache/2.4.46 (Win64) PHP/7.2.34 configured -- resuming normal operations
[Fri Nov 13 23:23:33.326518 2020] [mpm_winnt:notice] [pid 8912:tid 580] AH00456: Apache Lounge VS16 Server built: Oct  2 2020 11:45:39
[Fri Nov 13 23:23:33.326518 2020] [core:notice] [pid 8912:tid 580] AH00094: Command line: 'C:\\Apache24\\bin\\httpd.exe -d C:/Apache24'
[Fri Nov 13 23:23:33.704621 2020] [mpm_winnt:notice] [pid 8912:tid 580] AH00418: Parent: Created child process 13792
[Fri Nov 13 23:23:35.526182 2020] [mpm_winnt:notice] [pid 13792:tid 604] AH00354: Child: Starting 64 worker threads.
[Fri Nov 13 23:30:26.462563 2020] [php7:error] [pid 13792:tid 1072] [client ::1:64295] script 'C:/localhost/display.php' not found or unable to stat, referer: http://localhost/index.html
[Fri Nov 13 23:30:33.420175 2020] [php7:error] [pid 13792:tid 1060] [client ::1:64296] script 'C:/localhost/display.php' not found or unable to stat
[Fri Nov 13 23:30:36.043257 2020] [php7:error] [pid 13792:tid 1060] [client ::1:64298] script 'C:/localhost/display.php' not found or unable to stat
[Fri Nov 13 23:36:04.041091 2020] [php7:error] [pid 13792:tid 1060] [client ::1:64410] script 'C:/localhost/display.php' not found or unable to stat
[Fri Nov 13 23:38:20.238833 2020] [mpm_winnt:notice] [pid 8912:tid 580] AH00422: Parent: Received shutdown signal -- Shutting down the server.
[Fri Nov 13 23:38:22.270003 2020] [mpm_winnt:notice] [pid 13792:tid 604] AH00364: Child: All worker threads have exited.
[Fri Nov 13 23:38:24.525241 2020] [mpm_winnt:notice] [pid 8912:tid 580] AH00430: Parent: Child process 13792 exited successfully.
[Fri Nov 13 23:40:11.930211 2020] [mpm_winnt:notice] [pid 3540:tid 624] AH00455: Apache/2.4.46 (Win64) PHP/7.2.34 configured -- resuming normal operations
[Fri Nov 13 23:40:11.961459 2020] [mpm_winnt:notice] [pid 3540:tid 624] AH00456: Apache Lounge VS16 Server built: Oct  2 2020 11:45:39
[Fri Nov 13 23:40:11.961459 2020] [core:notice] [pid 3540:tid 624] AH00094: Command line: 'C:\\Apache24\\bin\\httpd.exe -d C:/Apache24'
[Fri Nov 13 23:40:11.961459 2020] [mpm_winnt:notice] [pid 3540:tid 624] AH00418: Parent: Created child process 5108
[Fri Nov 13 23:40:12.461384 2020] [mpm_winnt:notice] [pid 5108:tid 500] AH00354: Child: Starting 64 worker threads.
[Sat Nov 14 00:03:10.058090 2020] [mpm_winnt:crit] [pid 5108:tid 500] AH02538: Child: Parent process exited abruptly. Child process is ending
[Sat Nov 14 00:03:10.158589 2020] [mpm_winnt:warn] [pid 5108:tid 4] (OS 995)The I/O operation has been aborted because of either a thread exit or an application request.  : AH00341: winnt_accept: Asynchronous AcceptEx failed.
[Sat Nov 14 00:03:10.158589 2020] [mpm_winnt:warn] [pid 5108:tid 492] (OS 995)The I/O operation has been aborted because of either a thread exit or an application request.  : AH00341: winnt_accept: Asynchronous AcceptEx failed.
[Sat Nov 14 00:03:12.164178 2020] [mpm_winnt:notice] [pid 5108:tid 500] AH00364: Child: All worker threads have exited.
